{
  "0 debug pnpm:scope": {
    "selected": 1
  },
  "1 error pnpm": {
    "errno": 1,
    "code": "ELIFECYCLE",
    "pkgid": "note@1.0.0",
    "stage": "docs:build",
    "script": "vitepress build docs",
    "pkgname": "note",
    "err": {
      "name": "pnpm",
      "message": "note@1.0.0 docs:build: `vitepress build docs`\nExit status 1",
      "code": "ELIFECYCLE",
      "stack": "pnpm: note@1.0.0 docs:build: `vitepress build docs`\nExit status 1\n    at EventEmitter.<anonymous> (C:\\Users\\wq\\AppData\\Roaming\\npm\\pnpm-global\\5\\node_modules\\.pnpm\\pnpm@6.32.3\\node_modules\\pnpm\\dist\\pnpm.cjs:105724:20)\n    at EventEmitter.emit (node:events:520:28)\n    at ChildProcess.<anonymous> (C:\\Users\\wq\\AppData\\Roaming\\npm\\pnpm-global\\5\\node_modules\\.pnpm\\pnpm@6.32.3\\node_modules\\pnpm\\dist\\pnpm.cjs:92285:18)\n    at ChildProcess.emit (node:events:520:28)\n    at maybeClose (node:internal/child_process:1092:16)\n    at Process.ChildProcess._handle.onexit (node:internal/child_process:302:5)"
    }
  },
  "2 warn pnpm:global": " Local package.json exists, but node_modules missing, did you mean to install?"
}